week10_report/Fessutival/app/build/intermediates/manifest_merge_blame_file/debug/processDebugMainManifest/manifest-merger-blame-debug-report.txt
1<?xml version="1.0" encoding="utf-8"?>
2<manifest xmlns:android="http://schemas.android.com/apk/res/android"
3    package="com.example.fessutival"
4    android:versionCode="1"
5    android:versionName="1.0" >
6
7    <uses-sdk
8        android:minSdkVersion="31"
9        android:targetSdkVersion="34" />
10
11    <permission
11-->[androidx.core:core:1.13.0] AndroidManifest.xml:22:5-24:47
12        android:name="com.example.fessutival.DYNAMIC_RECEIVER_NOT_EXPORTED_PERMISSION"
12-->[androidx.core:core:1.13.0] AndroidManifest.xml:23:9-81
13        android:protectionLevel="signature" />
13-->[androidx.core:core:1.13.0] AndroidManifest.xml:24:9-44
14
15    <uses-permission android:name="com.example.fessutival.DYNAMIC_RECEIVER_NOT_EXPORTED_PERMISSION" />
15-->[androidx.core:core:1.13.0] AndroidManifest.xml:26:5-97
15-->[androidx.core:core:1.13.0] AndroidManifest.xml:26:22-94
16
17    <application
17-->src/main/AndroidManifest.xml:5:5-75:19
18        android:allowBackup="true"
18-->src/main/AndroidManifest.xml:6:9-35
19        android:appComponentFactory="androidx.core.app.CoreComponentFactory"
19-->[androidx.core:core:1.13.0] AndroidManifest.xml:28:18-86
20        android:dataExtractionRules="@xml/data_extraction_rules"
20-->src/main/AndroidManifest.xml:7:9-65
21        android:debuggable="true"
22        android:extractNativeLibs="false"
23        android:fullBackupContent="@xml/backup_rules"
23-->src/main/AndroidManifest.xml:8:9-54
24        android:icon="@mipmap/ic_launcher"
24-->src/main/AndroidManifest.xml:9:9-43
25        android:label="@string/app_name"
25-->src/main/AndroidManifest.xml:10:9-41
26        android:roundIcon="@mipmap/ic_launcher_round"
26-->src/main/AndroidManifest.xml:11:9-54
27        android:supportsRtl="true"
27-->src/main/AndroidManifest.xml:12:9-35
28        android:testOnly="true"
29        android:theme="@style/Theme.Fessutival" >
29-->src/main/AndroidManifest.xml:13:9-48
30        <activity
30-->src/main/AndroidManifest.xml:15:9-23:20
31            android:name="com.example.fessutival.schedule.EventSection"
31-->src/main/AndroidManifest.xml:16:13-50
32            android:exported="true" >
32-->src/main/AndroidManifest.xml:17:13-36
33
34            <!-- <intent-filter> -->
35            <!-- <action android:name="android.intent.action.MAIN" /> -->
36
37
38            <!-- <category android:name="android.intent.category.LAUNCHER" /> -->
39            <!-- </intent-filter> -->
40        </activity>
41        <activity
41-->src/main/AndroidManifest.xml:24:9-32:20
42            android:name="com.example.fessutival.schedule.Event"
42-->src/main/AndroidManifest.xml:25:13-43
43            android:exported="true" >
43-->src/main/AndroidManifest.xml:26:13-36
44
45            <!-- <intent-filter> -->
46            <!-- <action android:name="android.intent.action.MAIN" /> -->
47
48
49            <!-- <category android:name="android.intent.category.LAUNCHER" /> -->
50            <!-- </intent-filter> -->
51        </activity>
52        <activity
52-->src/main/AndroidManifest.xml:33:9-43:20
53            android:name="com.example.fessutival.MainActivity"
53-->src/main/AndroidManifest.xml:34:13-41
54            android:exported="true" >
54-->src/main/AndroidManifest.xml:35:13-36
55
56            <!-- <intent-filter> -->
57            <!-- <action android:name="android.intent.action.MAIN" /> -->
58
59
60            <!-- <category android:name="android.intent.category.LAUNCHER" /> -->
61            <!-- </intent-filter> -->
62        </activity>
63        <activity
63-->src/main/AndroidManifest.xml:44:9-54:20
64            android:name="com.example.fessutival.schedule.Calendar"
64-->src/main/AndroidManifest.xml:45:13-46
65            android:exported="true" >
65-->src/main/AndroidManifest.xml:46:13-36
66
67            <!-- <intent-filter> -->
68            <!-- <action android:name="android.intent.action.MAIN" /> -->
69
70
71            <!-- <category android:name="android.intent.category.LAUNCHER" /> -->
72            <!-- </intent-filter> -->
73        </activity>
74        <activity
74-->src/main/AndroidManifest.xml:55:9-63:20
75            android:name="com.example.fessutival.SplashActivity"
75-->src/main/AndroidManifest.xml:56:13-43
76            android:exported="true" >
76-->src/main/AndroidManifest.xml:57:13-36
77            <intent-filter>
77-->src/main/AndroidManifest.xml:58:13-62:29
78                <action android:name="android.intent.action.MAIN" />
78-->src/main/AndroidManifest.xml:59:17-69
78-->src/main/AndroidManifest.xml:59:25-66
79
80                <category android:name="android.intent.category.LAUNCHER" />
80-->src/main/AndroidManifest.xml:61:17-77
80-->src/main/AndroidManifest.xml:61:27-74
81            </intent-filter>
82        </activity>
83        <activity
83-->src/main/AndroidManifest.xml:64:9-74:20
84            android:name="com.example.fessutival.LogIn"
84-->src/main/AndroidManifest.xml:65:13-34
85            android:exported="true" >
85-->src/main/AndroidManifest.xml:66:13-36
86
87            <!-- <intent-filter> -->
88            <!-- <action android:name="android.intent.action.MAIN" /> -->
89
90
91            <!-- <category android:name="android.intent.category.LAUNCHER" /> -->
92            <!-- </intent-filter> -->
93        </activity>
94
95        <provider
95-->[androidx.emoji2:emoji2:1.3.0] AndroidManifest.xml:24:9-32:20
96            android:name="androidx.startup.InitializationProvider"
96-->[androidx.emoji2:emoji2:1.3.0] AndroidManifest.xml:25:13-67
97            android:authorities="com.example.fessutival.androidx-startup"
97-->[androidx.emoji2:emoji2:1.3.0] AndroidManifest.xml:26:13-68
98            android:exported="false" >
98-->[androidx.emoji2:emoji2:1.3.0] AndroidManifest.xml:27:13-37
99            <meta-data
99-->[androidx.emoji2:emoji2:1.3.0] AndroidManifest.xml:29:13-31:52
100                android:name="androidx.emoji2.text.EmojiCompatInitializer"
100-->[androidx.emoji2:emoji2:1.3.0] AndroidManifest.xml:30:17-75
101                android:value="androidx.startup" />
101-->[androidx.emoji2:emoji2:1.3.0] AndroidManifest.xml:31:17-49
102            <meta-data
102-->[androidx.lifecycle:lifecycle-process:2.6.2] AndroidManifest.xml:29:13-31:52
103                android:name="androidx.lifecycle.ProcessLifecycleInitializer"
103-->[androidx.lifecycle:lifecycle-process:2.6.2] AndroidManifest.xml:30:17-78
104                android:value="androidx.startup" />
104-->[androidx.lifecycle:lifecycle-process:2.6.2] AndroidManifest.xml:31:17-49
105            <meta-data
105-->[androidx.profileinstaller:profileinstaller:1.4.0] AndroidManifest.xml:29:13-31:52
106                android:name="androidx.profileinstaller.ProfileInstallerInitializer"
106-->[androidx.profileinstaller:profileinstaller:1.4.0] AndroidManifest.xml:30:17-85
107                android:value="androidx.startup" />
107-->[androidx.profileinstaller:profileinstaller:1.4.0] AndroidManifest.xml:31:17-49
108        </provider>
109
110        <receiver
110-->[androidx.profileinstaller:profileinstaller:1.4.0] AndroidManifest.xml:34:9-52:20
111            android:name="androidx.profileinstaller.ProfileInstallReceiver"
111-->[androidx.profileinstaller:profileinstaller:1.4.0] AndroidManifest.xml:35:13-76
112            android:directBootAware="false"
112-->[androidx.profileinstaller:profileinstaller:1.4.0] AndroidManifest.xml:36:13-44
113            android:enabled="true"
113-->[androidx.profileinstaller:profileinstaller:1.4.0] AndroidManifest.xml:37:13-35
114            android:exported="true"
114-->[androidx.profileinstaller:profileinstaller:1.4.0] AndroidManifest.xml:38:13-36
115            android:permission="android.permission.DUMP" >
115-->[androidx.profileinstaller:profileinstaller:1.4.0] AndroidManifest.xml:39:13-57
116            <intent-filter>
116-->[androidx.profileinstaller:profileinstaller:1.4.0] AndroidManifest.xml:40:13-42:29
117                <action android:name="androidx.profileinstaller.action.INSTALL_PROFILE" />
117-->[androidx.profileinstaller:profileinstaller:1.4.0] AndroidManifest.xml:41:17-91
117-->[androidx.profileinstaller:profileinstaller:1.4.0] AndroidManifest.xml:41:25-88
118            </intent-filter>
119            <intent-filter>
119-->[androidx.profileinstaller:profileinstaller:1.4.0] AndroidManifest.xml:43:13-45:29
120                <action android:name="androidx.profileinstaller.action.SKIP_FILE" />
120-->[androidx.profileinstaller:profileinstaller:1.4.0] AndroidManifest.xml:44:17-85
120-->[androidx.profileinstaller:profileinstaller:1.4.0] AndroidManifest.xml:44:25-82
121            </intent-filter>
122            <intent-filter>
122-->[androidx.profileinstaller:profileinstaller:1.4.0] AndroidManifest.xml:46:13-48:29
123                <action android:name="androidx.profileinstaller.action.SAVE_PROFILE" />
123-->[androidx.profileinstaller:profileinstaller:1.4.0] AndroidManifest.xml:47:17-88
123-->[androidx.profileinstaller:profileinstaller:1.4.0] AndroidManifest.xml:47:25-85
124            </intent-filter>
125            <intent-filter>
125-->[androidx.profileinstaller:profileinstaller:1.4.0] AndroidManifest.xml:49:13-51:29
126                <action android:name="androidx.profileinstaller.action.BENCHMARK_OPERATION" />
126-->[androidx.profileinstaller:profileinstaller:1.4.0] AndroidManifest.xml:50:17-95
126-->[androidx.profileinstaller:profileinstaller:1.4.0] AndroidManifest.xml:50:25-92
127            </intent-filter>
128        </receiver>
129    </application>
130
131</manifest>